    [webpack-cli] Compiler 'webviews' starting... 
    [webpack-cli] Compiler 'webviews' is using config: 'D:\Cyber-Space\github projects\vscode-gitlens\webpack.config.js'
(node:41780) [DEP0190] DeprecationWarning: Passing args to a child process with shell option true can lead to security vulnerabilities, as the arguments are not escaped, only concatenated.
(Use `node --trace-deprecation ...` to show where the warning was created)
    [webpack-cli] Compiler 'webviews' finished
webviews:
  asset [1m[32mmedia/gitlens-12-card.png[39m[22m 480 KiB [1m[32m[emitted][39m[22m [from: media/gitlens-12-card.png] [1m[32m[copied][39m[22m
  asset [1m[32mtimeline.js[39m[22m 464 KiB [1m[33m[compared for emit][39m[22m [1m[32m[minimized][39m[22m (name: timeline) 1 related asset
  asset [1m[32msettings.html[39m[22m 152 KiB [1m[33m[compared for emit][39m[22m
  asset [1m[32mhome.js[39m[22m 97.2 KiB [1m[33m[compared for emit][39m[22m [1m[32m[minimized][39m[22m (name: home) 1 related asset
  asset [1m[32mcodicon.ttf[39m[22m 68.1 KiB [1m[33m[compared for emit][39m[22m [from: ../../../node_modules/@vscode/codicons/dist/codicon.ttf] [1m[32m[copied][39m[22m
  asset [1m[32mrebase.js[39m[22m 58.5 KiB [1m[33m[compared for emit][39m[22m [1m[32m[minimized][39m[22m (name: rebase) 1 related asset
  asset [1m[32mmedia/rebase-editor.png[39m[22m 44.9 KiB [1m[32m[emitted][39m[22m [from: media/rebase-editor.png] [1m[32m[copied][39m[22m
  asset [1m[32mrebase.html[39m[22m 37.2 KiB [1m[33m[compared for emit][39m[22m
  asset [1m[32mrebase.css[39m[22m 35.4 KiB [1m[33m[compared for emit][39m[22m (name: rebase) 1 related asset
  asset [1m[32mtimeline.html[39m[22m 33.9 KiB [1m[33m[compared for emit][39m[22m
  asset [1m[32mmedia/worktrees-view-compare+pr.png[39m[22m 33.6 KiB [1m[32m[emitted][39m[22m [from: media/worktrees-view-compare+pr.png] [1m[32m[copied][39m[22m
  asset [1m[32mwelcome.html[39m[22m 32.9 KiB [1m[33m[compared for emit][39m[22m
  asset [1m[32mmedia/file-history-view.png[39m[22m 32.6 KiB [1m[32m[emitted][39m[22m [from: media/file-history-view.png] [1m[32m[copied][39m[22m
  asset [1m[32mmedia/branches-view-compare+pr.png[39m[22m 32.2 KiB [1m[32m[emitted][39m[22m [from: media/branches-view-compare+pr.png] [1m[32m[copied][39m[22m
  + 89 assets

  [1m[33mWARNING[39m[22m in [1masset size limit: The following asset(s) exceed the recommended size limit (244 KiB).
  This can impact web performance.
  Assets: 
    timeline.js (464 KiB)
    media/gitlens-12-card.png (480 KiB)[39m[22m

  [1m[33mWARNING[39m[22m in [1mentrypoint size limit: The following entrypoint(s) combined asset size exceeds the recommended limit (244 KiB). This can impact web performance.
  Entrypoints:
    timeline (493 KiB)
        timeline.css
        timeline.js
  [39m[22m

  [1m[33mWARNING[39m[22m in [1mwebpack performance recommendations: 
  You can limit the size of your bundles by using import() or require.ensure to lazy load some parts of your application.
  For more info visit https://webpack.js.org/guides/code-splitting/[39m[22m

  [1mwebviews[39m[22m compiled with [1m[33m3 warnings[39m[22m in 2949 ms
