    [webpack-cli] Compiler 'extension:node' starting... 
    [webpack-cli] Compiler 'extension:node' is using config: 'D:\Cyber-Space\github projects\vscode-gitlens\webpack.config.js'
(node:43692) [DEP0190] DeprecationWarning: Passing args to a child process with shell option true can lead to security vulnerabilities, as the arguments are not escaped, only concatenated.
(Use `node --trace-deprecation ...` to show where the warning was created)
    [webpack-cli] Compiler 'extension:node' finished
extension:node:
  assets by status 1.97 MiB [1m[32m[cached][39m[22m 3 assets

  [1m[33mWARNING[39m[22m in [1mgitlens.js[39m[22m
  [1m[object Object][39m[22m

  [1m[33mWARNING[39m[22m in [1msrc/plus/subscription/subscriptionService.ts:10:2[39m[22m
  [1m@typescript-eslint/no-unused-vars: 'StatusBarAlignment' is defined but never used. Allowed unused vars [1m[33mmust[39m[22m[1m match /^_$/u.[39m[22m

  [1m[33mWARNING[39m[22m in [1msrc/plus/subscription/subscriptionService.ts:12:2[39m[22m
  [1m@typescript-eslint/no-unused-vars: 'ThemeColor' is defined but never used. Allowed unused vars [1m[33mmust[39m[22m[1m match /^_$/u.[39m[22m

  [1m[33mWARNING[39m[22m in [1msrc/plus/subscription/subscriptionService.ts:23:2[39m[22m
  [1m@typescript-eslint/no-unused-vars: 'getSubscriptionTimeRemaining' is defined but never used. Allowed unused vars [1m[33mmust[39m[22m[1m match /^_$/u.[39m[22m

  [1m[33mWARNING[39m[22m in [1msrc/plus/subscription/subscriptionService.ts:24:2[39m[22m
  [1m@typescript-eslint/no-unused-vars: 'isSubscriptionPaidPlan' is defined but never used. Allowed unused vars [1m[33mmust[39m[22m[1m match /^_$/u.[39m[22m

  [1m[33mWARNING[39m[22m in [1msrc/plus/subscription/subscriptionService.ts:25:2[39m[22m
  [1m@typescript-eslint/no-unused-vars: 'isSubscriptionTrial' is defined but never used. Allowed unused vars [1m[33mmust[39m[22m[1m match /^_$/u.[39m[22m

  [1m[33mWARNING[39m[22m in [1msrc/plus/subscription/subscriptionService.ts:30:1[39m[22m
  [1mimport/order: `../../configuration` import should occur before import of `../../constants`[39m[22m

  [1m[33mWARNING[39m[22m in [1msrc/plus/subscription/subscriptionService.ts:31:1[39m[22m
  [1mimport/order: `../../storage` import should occur before import of `../../subscription`[39m[22m

  [1m[33mWARNING[39m[22m in [1msrc/plus/subscription/subscriptionService.ts:38:10[39m[22m
  [1m@typescript-eslint/no-unused-vars: 'pluralize' is defined but never used. Allowed unused vars [1m[33mmust[39m[22m[1m match /^_$/u.[39m[22m

  [1m[33mWARNING[39m[22m in [1msrc/plus/subscription/subscriptionService.ts:43:7[39m[22m
  [1m@typescript-eslint/no-unused-vars: 'userAgent' is assigned a value but never used. Allowed unused vars [1m[33mmust[39m[22m[1m match /^_$/u.[39m[22m

  [1m[33mWARNING[39m[22m in [1msrc/plus/subscription/subscriptionService.ts:530:10[39m[22m
  [1m@typescript-eslint/no-unused-vars: 'assertSubscriptionState' is defined but never used. Allowed unused vars [1m[33mmust[39m[22m[1m match /^_$/u.[39m[22m

  [1m[31mERROR[39m[22m in [1msrc/webviews/webviewBase.ts:299:3[39m[22m
  [1mTS2739: Type 'Thenable<boolean>' is missing the following properties from type 'Promise<boolean>': catch, finally, [Symbol.toStringTag][39m[22m

  [1m[31mERROR[39m[22m in [1msrc/webviews/webviewViewBase.ts:300:3[39m[22m
  [1mTS2322: Type 'Thenable<boolean>' is not assignable to type 'Promise<boolean>'.[39m[22m

  [1m[31mERROR[39m[22m in [1msrc/webviews/webviewBase.ts:251:31[39m[22m
  [1mno-loop-func: Function declared in a loop contains unsafe references to variable(s) 'replaced', 'replaced'.[39m[22m

  [1m[31mERROR[39m[22m in [1msrc/webviews/webviewViewBase.ts:252:31[39m[22m
  [1mno-loop-func: Function declared in a loop contains unsafe references to variable(s) 'replaced', 'replaced'.[39m[22m

  [1mextension:node[39m[22m compiled with [1m[31m4 errors[39m[22m and [1m[33m11 warnings[39m[22m in 10399 ms
