0 verbose cli C:\Users\piter\AppData\Local\fnm_multishells\52252_1770952370615\node.exe C:\Users\piter\AppData\Local\fnm_multishells\52252_1770952370615\node_modules\npm\bin\npm-cli.js
1 info using npm@11.6.2
2 info using node@v24.13.0
3 silly config load:file:C:\Users\piter\AppData\Roaming\fnm\node-versions\v24.13.0\installation\node_modules\npm\npmrc
4 silly config load:file:D:\Cyber-Space\github projects\vscode-gitlens\.npmrc
5 silly config load:file:C:\Users\piter\.npmrc
6 silly config load:file:C:\Users\piter\AppData\Roaming\npm\etc\npmrc
7 verbose title npm show @vscode/vsce version
8 verbose argv "show" "@vscode/vsce" "version"
9 verbose logfile logs-max:10 dir:D:\Cyber-Space\github projects\vscode-gitlens\%APPDATA%\npm-cache\_logs\2026-02-13T06_02_11_292Z-
10 verbose logfile D:\Cyber-Space\github projects\vscode-gitlens\%APPDATA%\npm-cache\_logs\2026-02-13T06_02_11_292Z-debug-0.log
11 silly logfile start cleaning logs, removing 1 files
12 silly logfile done cleaning log files
13 http fetch GET 200 https://registry.npmmirror.com/@vscode%2fvsce 169ms (cache revalidated)
14 verbose cwd D:\Cyber-Space\github projects\vscode-gitlens
15 verbose os Windows_NT 10.0.26200
16 verbose node v24.13.0
17 verbose npm  v11.6.2
18 verbose exit 0
19 info ok
