0 verbose cli C:\Users\piter\AppData\Local\fnm_multishells\52252_1770952370615\node.exe C:\Users\piter\AppData\Local\fnm_multishells\52252_1770952370615\node_modules\npm\bin\npm-cli.js
1 info using npm@11.6.2
2 info using node@v24.13.0
3 silly config load:file:C:\Users\piter\AppData\Roaming\fnm\node-versions\v24.13.0\installation\node_modules\npm\npmrc
4 warn config production Use `--omit=dev` instead.
5 silly config load:file:D:\Cyber-Space\github projects\vscode-gitlens\.npmrc
6 silly config load:file:C:\Users\piter\.npmrc
7 silly config load:file:C:\Users\piter\AppData\Roaming\npm\etc\npmrc
8 verbose title npm list
9 verbose argv "list" "--production" "--parseable" "--depth" "99999" "--loglevel" "error"
10 verbose logfile logs-max:10 dir:D:\Cyber-Space\github projects\vscode-gitlens\%APPDATA%\npm-cache\_logs\2026-02-13T05_37_45_342Z-
11 verbose logfile D:\Cyber-Space\github projects\vscode-gitlens\%APPDATA%\npm-cache\_logs\2026-02-13T05_37_45_342Z-debug-0.log
12 silly logfile start cleaning logs, removing 1 files
13 silly logfile done cleaning log files
14 silly packumentCache heap:4496293888 maxSize:1124073472 maxEntrySize:562036736
15 verbose cwd D:\Cyber-Space\github projects\vscode-gitlens
16 verbose os Windows_NT 10.0.26200
17 verbose node v24.13.0
18 verbose npm  v11.6.2
19 verbose exit 0
20 info ok
