0 verbose cli C:\Users\piter\AppData\Local\fnm_multishells\52252_1770952370615\node.exe C:\Users\piter\AppData\Local\fnm_multishells\52252_1770952370615\node_modules\npm\bin\npm-cli.js
1 info using npm@11.6.2
2 info using node@v24.13.0
3 silly config load:file:C:\Users\piter\AppData\Roaming\fnm\node-versions\v24.13.0\installation\node_modules\npm\npmrc
4 warn Unknown env config "argv". This will stop working in the next major version of npm.
5 warn Unknown env config "ignore-engines". This will stop working in the next major version of npm.
6 warn Unknown env config "version-commit-hooks". This will stop working in the next major version of npm.
7 warn Unknown env config "version-git-message". This will stop working in the next major version of npm.
8 warn Unknown env config "version-git-tag". This will stop working in the next major version of npm.
9 warn Unknown env config "version-tag-prefix". This will stop working in the next major version of npm.
10 silly config load:file:D:\Cyber-Space\github projects\vscode-gitlens\.npmrc
11 silly config load:file:C:\Users\piter\.npmrc
12 silly config load:file:C:\Users\piter\AppData\Roaming\npm\etc\npmrc
13 verbose title npm run bundle
14 verbose argv "run" "bundle"
15 verbose logfile logs-max:10 dir:D:\Cyber-Space\github projects\vscode-gitlens\%APPDATA%\npm-cache\_logs\2026-02-13T05_45_34_416Z-
16 verbose logfile D:\Cyber-Space\github projects\vscode-gitlens\%APPDATA%\npm-cache\_logs\2026-02-13T05_45_34_416Z-debug-0.log
17 silly logfile start cleaning logs, removing 2 files
18 silly logfile done cleaning log files
19 verbose cwd D:\Cyber-Space\github projects\vscode-gitlens
20 verbose os Windows_NT 10.0.26200
21 verbose node v24.13.0
22 verbose npm  v11.6.2
23 verbose exit 0
24 info ok
